Username: thsziesfzsuxjo
Password: iacyaqbjgkcfuwu
Concurrents: 2
Max Attack Time: 2 seconds
Plan Length: 30 days
,
Username: fcyghtrffqiuw
Password: wxqecuaxncigrgklqj
Concurrents: 2
Max Attack Time: 2 seconds
Plan Length: 30 days
,
Username: yvhgxgeaqyjuxb
Password: aylirtnqlvtphidig
Concurrents: 2
Max Attack Time: 120 seconds
Plan Length: 999999 days
,
Username: pzjvwkssno
Password: cqtryahtjolpoydk
Concurrents: 2
Max Attack Time: 120 seconds
Plan Length: 999999 days
,
Username: vaxtrqxlku
Password: fzudqhbuxrvyqbibkl
Concurrents: 2
Max Attack Time: 120 seconds
Plan Length: 999999 days
,
Username: zfrdtxdrsp
Password: stnhwsckcjgyjjluf
Concurrents: 2
Max Attack Time: 120 seconds
Plan Length: 999999 days
,
Username: nayjuxgrjian
Password: ynoydsdfukepjzkpld
Concurrents: 2
Max Attack Time: 120 seconds
Plan Length: 999999 days
,
Username: exqdtocwfhplf
Password: lskpjvgroksxxxtgsap
Concurrents: 2
Max Attack Time: 120 seconds
Plan Length: 999999 days
,
Username: zanxlltbkrv
Password: pprcvncqfhrswhkukwy
Concurrents: 2
Max Attack Time: 120 seconds
Plan Length: 999999 days
,
Username: qhddeshqgvz
Password: yeqbojjrhoaqjirufvw
Concurrents: 2
Max Attack Time: 120 seconds
Plan Length: 999999 days
,
Username: jefphqkrdguq
Password: juhfablaiphsqyfiflv
Concurrents: 2
Max Attack Time: 120 seconds
Plan Length: 999999 days
,
Username: ocphtktzaboa
Password: nshnyswplrolgastlp
Concurrents: 2
Max Attack Time: 120 seconds
Plan Length: 999999 days
,
Username: yhlcsgykkl
Password: wkhunjkeczkquqntvij
Concurrents: 2
Max Attack Time: 120 seconds
Plan Length: 999999 days
,
Username: gbazeaghhocceh
Password: eviicvqlsdzuzoaq
Concurrents: 2
Max Attack Time: 120 seconds
Plan Length: 999999 days
,
Username: todufzehgv
Password: qvfecuxqtndshwqhcl
Concurrents: 2
Max Attack Time: 120 seconds
Plan Length: 999999 days
,
Username: iilcujkzyefrf
Password: rwshknnxjbrzuyctsjg
Concurrents: 2
Max Attack Time: 120 seconds
Plan Length: 999999 days
,
Username: xoeqeaujlgs
Password: ruapjlkkluuwpzwtt
Concurrents: 2
Max Attack Time: 120 seconds
Plan Length: 999999 days
,
Username: afixloooxpuzjc
Password: zvlkttjsvswvdqn
Concurrents: 2
Max Attack Time: 120 seconds
Plan Length: 999999 days
,
Username: poweccsqgv
Password: jqteyctedcryuovczxa
Concurrents: 2
Max Attack Time: 120 seconds
Plan Length: 999999 days
,
Username: zgvupzbuztrrkq
Password: keeychlqsxcwnzve
Concurrents: 2
Max Attack Time: 120 seconds
Plan Length: 999999 days
,
Username: kjrglptfwo
Password: lxxfqrbphuoglsyro
Concurrents: 2
Max Attack Time: 120 seconds
Plan Length: 999999 days
,
Username: kphyhidzwcvl
Password: ovfobgqovspusrsz
Concurrents: 2
Max Attack Time: 120 seconds
Plan Length: 999999 days
,
