[Thu, 14 Nov 2024 17:43:11 UTC] USER PASSWORD CHANGED || User: root || New password: 3321
[Mon, 18 Nov 2024 15:05:11 UTC] USER PASSWORD CHANGED || User: retro || New password: 4133
[Wed, 20 Nov 2024 19:27:36 UTC] sushi enabled their mfa
[Thu, 21 Nov 2024 00:01:20 UTC] sushi disabled their mfa
[Sun, 24 Nov 2024 18:40:47 UTC] USER PASSWORD CHANGED || User: udman1337 || New password: cody2009
[Mon, 25 Nov 2024 09:14:44 UTC] USER PASSWORD CHANGED || User: xss || New password: Flipperzer0$
[Mon, 25 Nov 2024 10:31:54 UTC] USER THEME CHANGED || User: retro || New theme: clean
[Mon, 25 Nov 2024 10:42:48 UTC] USER THEME CHANGED || User: retro || New theme: default
[Mon, 25 Nov 2024 14:59:02 UTC] USER THEME CHANGED || User: stonee || New theme: clean
[Mon, 25 Nov 2024 14:59:48 UTC] USER THEME CHANGED || User: stonee || New theme: default
[Mon, 25 Nov 2024 21:06:57 UTC] USER THEME CHANGED || User: retro || New theme: clean
[Mon, 25 Nov 2024 21:11:38 UTC] USER THEME CHANGED || User: retro || New theme: default
[Mon, 25 Nov 2024 22:45:45 UTC] USER PASSWORD CHANGED || User: exno || New password: 3312
[Tue, 26 Nov 2024 01:13:59 UTC] USER THEME CHANGED || User: slxve || New theme: clean
[Tue, 26 Nov 2024 01:14:37 UTC] USER THEME CHANGED || User: slxve || New theme: default
[Tue, 26 Nov 2024 06:34:31 UTC] USER THEME CHANGED || User: iwhax || New theme: clean
[Tue, 26 Nov 2024 06:35:21 UTC] USER THEME CHANGED || User: iwhax || New theme: default
[Tue, 26 Nov 2024 11:56:20 UTC] USER THEME CHANGED || User: retro || New theme: clean
[Tue, 26 Nov 2024 11:57:01 UTC] USER THEME CHANGED || User: retro || New theme: default
[Tue, 26 Nov 2024 12:12:12 UTC] USER THEME CHANGED || User: root || New theme: clean
[Tue, 26 Nov 2024 13:12:51 UTC] USER THEME CHANGED || User: luredd || New theme: clean
[Tue, 26 Nov 2024 18:09:47 UTC] USER THEME CHANGED || User: luredd || New theme: default
[Tue, 26 Nov 2024 22:05:35 UTC] USER THEME CHANGED || User: organ || New theme: clean
[Tue, 26 Nov 2024 22:06:06 UTC] USER THEME CHANGED || User: organ || New theme: default
[Tue, 26 Nov 2024 23:31:57 UTC] USER PASSWORD CHANGED || User: xss || New password: DanMic27!
[Wed, 27 Nov 2024 05:34:54 UTC] USER THEME CHANGED || User: root || New theme: default
[Wed, 27 Nov 2024 13:38:12 UTC] USER THEME CHANGED || User: iwhax || New theme: clean
[Wed, 27 Nov 2024 17:41:34 UTC] USER THEME CHANGED || User: stonee || New theme: clean
[Wed, 27 Nov 2024 18:31:27 UTC] USER THEME CHANGED || User: iwhax || New theme: default
[Wed, 27 Nov 2024 18:34:37 UTC] USER PASSWORD CHANGED || User: retro || New password: 33321
[Wed, 27 Nov 2024 18:37:55 UTC] USER PASSWORD CHANGED || User: retro || New password: opsec
[Wed, 27 Nov 2024 18:39:20 UTC] USER PASSWORD CHANGED || User: retro || New password: 3321
[Wed, 27 Nov 2024 18:52:28 UTC] USER PASSWORD CHANGED || User: organ || New password: gloryisfat
[Wed, 27 Nov 2024 18:53:14 UTC] USER PASSWORD CHANGED || User: organ || New password: 1305
[Wed, 27 Nov 2024 18:53:43 UTC] USER PASSWORD CHANGED || User: organ || New password: 1905
[Wed, 27 Nov 2024 18:54:53 UTC] USER PASSWORD CHANGED || User: organ || New password: loneontop
[Wed, 27 Nov 2024 20:02:59 UTC] USER THEME CHANGED || User: rce || New theme: clean
[Wed, 27 Nov 2024 20:03:32 UTC] USER THEME CHANGED || User: rce || New theme: default
[Wed, 27 Nov 2024 20:45:51 UTC] USER THEME CHANGED || User: stonee || New theme: default
[Wed, 27 Nov 2024 20:49:29 UTC] USER THEME CHANGED || User: stonee || New theme: clean
[Wed, 27 Nov 2024 21:05:14 UTC] USER THEME CHANGED || User: stonee || New theme: default
[Thu, 28 Nov 2024 17:28:03 UTC] USER THEME CHANGED || User: stonee || New theme: clean
[Thu, 28 Nov 2024 17:39:24 UTC] USER THEME CHANGED || User: stonee || New theme: default
[Thu, 28 Nov 2024 21:14:41 UTC] USER PASSWORD CHANGED || User: iwhax || New password: Malice25.
[Thu, 28 Nov 2024 21:16:08 UTC] USER THEME CHANGED || User: iwhax || New theme: clean
[Thu, 28 Nov 2024 22:23:42 UTC] USER PASSWORD CHANGED || User: vile || New password: knrlontop123
[Fri, 29 Nov 2024 09:20:06 UTC] USER THEME CHANGED || User: retro || New theme: clean
[Fri, 29 Nov 2024 10:33:19 UTC] USER THEME CHANGED || User: retro || New theme: default
[Fri, 29 Nov 2024 14:57:57 UTC] USER PASSWORD CHANGED || User: zergz || New password: 1923
[Fri, 29 Nov 2024 15:38:13 UTC] USER THEME CHANGED || User: iwhax || New theme: default
[Sat, 30 Nov 2024 04:18:51 UTC] USER THEME CHANGED || User: stonee || New theme: clean
[Sat, 30 Nov 2024 04:19:17 UTC] USER THEME CHANGED || User: stonee || New theme: default
[Sat, 30 Nov 2024 13:15:55 UTC] USER THEME CHANGED || User: ariez || New theme: clean
[Sat, 30 Nov 2024 17:14:03 UTC] USER THEME CHANGED || User: gay || New theme: clean
[Sat, 30 Nov 2024 20:12:06 UTC] USER THEME CHANGED || User: gay || New theme: default
[Sun, 01 Dec 2024 00:28:12 UTC] USER THEME CHANGED || User: maryjane || New theme: clean
[Sun, 01 Dec 2024 00:28:18 UTC] USER THEME CHANGED || User: maryjane || New theme: clean
[Sun, 01 Dec 2024 00:28:43 UTC] USER THEME CHANGED || User: maryjane || New theme: default
[Sun, 01 Dec 2024 00:28:45 UTC] USER THEME CHANGED || User: maryjane || New theme: default
[Sun, 01 Dec 2024 05:16:32 UTC] USER PASSWORD CHANGED || User: maryjane || New password: v{5QYb4&gcH}
[Sun, 01 Dec 2024 12:25:00 UTC] USER THEME CHANGED || User: ariez || New theme: default
[Sun, 01 Dec 2024 15:05:47 UTC] USER PASSWORD CHANGED || User: zergz || New password: 1923
[Sun, 01 Dec 2024 16:40:36 UTC] USER PASSWORD CHANGED || User: maryjane || New password: jx74tZ8Nbxa9pA
[Sun, 01 Dec 2024 17:05:57 UTC] USER THEME CHANGED || User: kfc || New theme: clean
[Sun, 01 Dec 2024 17:08:00 UTC] USER THEME CHANGED || User: kfc || New theme: default
[Mon, 02 Dec 2024 15:38:21 UTC] USER PASSWORD CHANGED || User: spigey || New password: ligma
[Mon, 02 Dec 2024 18:11:31 UTC] USER THEME CHANGED || User: mylo || New theme: clean
[Mon, 02 Dec 2024 21:42:52 UTC] USER THEME CHANGED || User: ecrimesapi || New theme: clean
[Mon, 02 Dec 2024 21:43:13 UTC] USER THEME CHANGED || User: ecrimesapi || New theme: default
[Wed, 04 Dec 2024 00:46:47 UTC] USER THEME CHANGED || User: stonee || New theme: clean
[Wed, 04 Dec 2024 00:47:06 UTC] USER THEME CHANGED || User: stonee || New theme: default
[Wed, 04 Dec 2024 20:50:47 UTC] USER THEME CHANGED || User: tom || New theme: clean
[Wed, 04 Dec 2024 20:51:05 UTC] USER THEME CHANGED || User: tom || New theme: default
[Wed, 04 Dec 2024 21:08:17 UTC] USER THEME CHANGED || User: huntiezz || New theme: clean
[Thu, 05 Dec 2024 01:20:16 UTC] USER THEME CHANGED || User: bleb || New theme: clean
[Thu, 05 Dec 2024 01:35:14 UTC] USER THEME CHANGED || User: bleb || New theme: default
[Thu, 05 Dec 2024 19:00:41 UTC] USER PASSWORD CHANGED || User: luredd || New password: zZmEUekdFC7katfahsr3
[Fri, 06 Dec 2024 07:50:58 UTC] USER THEME CHANGED || User: comrejects || New theme: clean
[Sat, 07 Dec 2024 01:57:37 UTC] USER THEME CHANGED || User: comrejects || New theme: default
[Sat, 07 Dec 2024 10:59:56 UTC] USER THEME CHANGED || User: nobita || New theme: clean
[Sat, 07 Dec 2024 14:07:14 UTC] USER THEME CHANGED || User: nobita || New theme: default
[Sat, 07 Dec 2024 23:53:02 UTC] USER THEME CHANGED || User: mylo || New theme: default
[Sun, 08 Dec 2024 04:06:46 UTC] USER THEME CHANGED || User: y2k || New theme: clean
[Sun, 08 Dec 2024 04:07:48 UTC] USER THEME CHANGED || User: y2k || New theme: default
[Sun, 08 Dec 2024 11:41:50 UTC] USER PASSWORD CHANGED || User: xss || New password: Lolnipple1
[Sun, 08 Dec 2024 18:30:41 UTC] USER THEME CHANGED || User: root || New theme: clean
[Sun, 08 Dec 2024 18:55:31 UTC] USER THEME CHANGED || User: root || New theme: default
[Sun, 08 Dec 2024 19:56:27 UTC] USER THEME CHANGED || User: aoxhax || New theme: clean
[Sun, 08 Dec 2024 19:56:54 UTC] USER THEME CHANGED || User: aoxhax || New theme: default
[Sun, 08 Dec 2024 21:15:52 UTC] USER PASSWORD CHANGED || User: luredd || New password: KfXn5iM9m4t0kNuuH552
